C51 COMPILER V9.01   MATRIX_BUTTONS                                                        01/13/2017 11:42:14 PAGE 1   


C51 COMPILER V9.01, COMPILATION OF MODULE MATRIX_BUTTONS
OBJECT MODULE PLACED IN .\matrix buttons.obj
COMPILER INVOKED BY: D:\KEIL4\C51\BIN\C51.EXE ..\HARDWARE\MATRIX BUTTONS\matrix buttons.c OPTIMIZE(8,SPEED) BROWSE INCDI
                    -R(..\HARDWARE\MATRIX BUTTONS;..\HARDWARE\OLED;..\HARDWARE\PHOTORESISTANCE;..\HARDWARE\PWM;..\HARDWARE\TEMPERATURE AND HU
                    -MIDITY SENSOR;..\OBJ;..\SYSTEM\DELAY;..\SYSTEM\STC15W4K32S4;..\SYSTEM\SYS;..\USER;..\OBJ) DEBUG OBJECTEXTEND PRINT(.\mat
                    -rix buttons.lst) TABS(2) OBJECT(.\matrix buttons.obj)

line level    source

   1          #include "stc15w4k32s4.h"
   2          #include "delay.h"
   3          #include "matrix buttons.h"
   4          #include "sys.h"
   5          
   6          ////////////////////ATTENTION///////////////////
   7          //   本程序基于STC15W4K32S4-LQFP64S单片机
   8          //   矩阵键盘的引脚为P60-P67
   9          //   作者：叶树仁
  10          //   作者单位：北京理工大学珠海学院
  11          ////////////////////////////////////////////////
  12          #define GPIO_KEY P6
  13          
  14          
  15          ////////////////////////////////////////////////////////  
  16          //函数名:Press_Number
  17          //函数作用：识别4X4矩阵按键被按下的键名，并返回对应值
  18          //函数备注：  
  19          ////////////////////////////////////////////////////////
  20          u8 Press_Number()
  21          {
  22   1        u8 KeyValue;
  23   1        char a=0;
  24   1        char g=0;
  25   1        GPIO_KEY=0x0f;
  26   1        if(GPIO_KEY!=0x0f)//读取按键是否按下
  27   1        {
  28   2          delay_10ms();//延时10ms进行消抖
  29   2          if(GPIO_KEY!=0x0f)//再次检测键盘是否按下
  30   2          {
  31   3            
  32   3            //测试列
  33   3            GPIO_KEY=0X0F;
  34   3            switch(GPIO_KEY)
  35   3            {
  36   4              case(0X07): KeyValue=1;break;
  37   4              case(0X0b): KeyValue=2;break;
  38   4              case(0X0d): KeyValue=3;break;
  39   4              case(0X0e): KeyValue=4;break;
  40   4            }
  41   3            //测试行
  42   3            GPIO_KEY=0XF0;
  43   3            switch(GPIO_KEY)
  44   3            {
  45   4              case(0X70): KeyValue=KeyValue;break;
  46   4              case(0Xb0): KeyValue=KeyValue+4;break;
  47   4              case(0Xd0): KeyValue=KeyValue+8;break;
  48   4              case(0Xe0): KeyValue=KeyValue+12;break;
  49   4            }
  50   3            while((a<50)&&(GPIO_KEY!=0xf0))  //检测按键松手检测
  51   3            {
  52   4              delay_10ms();
C51 COMPILER V9.01   MATRIX_BUTTONS                                                        01/13/2017 11:42:14 PAGE 2   

  53   4              g++;
  54   4            }
  55   3          }
  56   2        }
  57   1      
  58   1        return KeyValue;
  59   1      }
  60          
  61          ////////////////////////////////////////////////////////  
  62          //函数名:martix_button_getchar4bit
  63          //函数作用：利用矩阵键盘得到一个两位16进制数，返回对应数值
  64          //函数备注：  
  65          ////////////////////////////////////////////////////////
  66          //u16 martix_button_getchar8bit()
  67          //{
  68          //  u16 H4B,L4B;
  69          //  u16 value;
  70          //  
  71          //  H4B = (Press_Number() << 4);
  72          //  L4B = Press_Number();
  73          //  value = H4B + L4B;
  74          //  
  75          //  return value;
  76          //}
  77          
  78          
  79          
  80          
  81          
  82          
  83          
  84          
  85          
  86          
  87          


MODULE INFORMATION:   STATIC OVERLAYABLE
   CODE SIZE        =    128    ----
   CONSTANT SIZE    =   ----    ----
   XDATA SIZE       =   ----    ----
   PDATA SIZE       =   ----    ----
   DATA SIZE        =   ----       3
   IDATA SIZE       =   ----    ----
   BIT SIZE         =   ----    ----
END OF MODULE INFORMATION.


C51 COMPILATION COMPLETE.  0 WARNING(S),  0 ERROR(S)
