C51 COMPILER V9.01   SYS                                                                   01/13/2017 11:42:14 PAGE 1   


C51 COMPILER V9.01, COMPILATION OF MODULE SYS
OBJECT MODULE PLACED IN .\sys.obj
COMPILER INVOKED BY: D:\KEIL4\C51\BIN\C51.EXE ..\SYSTEM\SYS\sys.c OPTIMIZE(8,SPEED) BROWSE INCDIR(..\HARDWARE\MATRIX BUT
                    -TONS;..\HARDWARE\OLED;..\HARDWARE\PHOTORESISTANCE;..\HARDWARE\PWM;..\HARDWARE\TEMPERATURE AND HUMIDITY SENSOR;..\OBJ;..\
                    -SYSTEM\DELAY;..\SYSTEM\STC15W4K32S4;..\SYSTEM\SYS;..\USER;..\OBJ) DEBUG OBJECTEXTEND PRINT(.\sys.lst) TABS(2) OBJECT(.\s
                    -ys.obj)

line level    source

   1          #include "sys.h"
   2          #include "TAHS.h"
   3          #include "PWM.h"
   4          ////////////////////ATTENTION///////////////////
   5          //   本程序基于STC15W4K32S4-LQFP64S单片机
   6          //   IO口设置：
   7          //   左电机：P37,P27   右电机:P21,P45
   8          //   作者：叶树仁
   9          //   作者单位：北京理工大学珠海学院
  10          ////////////////////////////////////////////////
  11           
  12          void TAN_test()
  13          {
  14   1        unsigned char a;
  15   1        if(FLAG1==1)
  16   1        {
  17   2          if(rain1==0&&rain2==0)
  18   2          {
  19   3            clo_move_back();
  20   3          }
  21   2          RH();
  22   2          a=U8RH_data_H/10;
  23   2          if(a>=9)             //湿度大于90
  24   2          {
  25   3            clo_move_back();   //收回
  26   3          }
  27   2        }
  28   1      
  29   1      }


MODULE INFORMATION:   STATIC OVERLAYABLE
   CODE SIZE        =     30    ----
   CONSTANT SIZE    =   ----    ----
   XDATA SIZE       =   ----    ----
   PDATA SIZE       =   ----    ----
   DATA SIZE        =   ----    ----
   IDATA SIZE       =   ----    ----
   BIT SIZE         =   ----    ----
END OF MODULE INFORMATION.


C51 COMPILATION COMPLETE.  0 WARNING(S),  0 ERROR(S)
